Content-Length: 157

{"jsonrpc":"2.0","method":"$totvsserver/progress","params":{"indexRequestCount":0,"doIdMapCount":0,"onIdMappedCount":0,"onIndexedCount":0,"activeThreads":0}}

Content-Length: 108

{"jsonrpc":"2.0","method":"window/logMessage","params":{"type":3,"message":"Initializing Language Server."}}

Content-Length: 604

{"jsonrpc":"2.0","id":0,"result":{"capabilities":{"hoverProvider":false,"declarationProvider":false,"definitionProvider":false,"typeDefinitionProvider":false,"implementationProvider":false,"referencesProvider":false,"documentHighlightProvider":false,"documentSymbolProvider":false,"codeActionProvider":false,"colorProvider":false,"workspaceSymbolProvider":false,"documentFormattingProvider":false,"documentRangeFormattingProvider":false,"documentOnTypeFormattingProvider":false,"renameProvider":false,"foldingRangeProvider":false,"executeCommandProvider":{"commands":[]},"selectionRangeProvider":false}}}

Content-Length: 157

{"jsonrpc":"2.0","method":"$totvsserver/progress","params":{"indexRequestCount":0,"doIdMapCount":0,"onIdMappedCount":0,"onIndexedCount":0,"activeThreads":0}}

Content-Length: 157

{"jsonrpc":"2.0","method":"$totvsserver/progress","params":{"indexRequestCount":0,"doIdMapCount":0,"onIdMappedCount":0,"onIndexedCount":0,"activeThreads":0}}

Content-Length: 157

{"jsonrpc":"2.0","method":"$totvsserver/progress","params":{"indexRequestCount":0,"doIdMapCount":0,"onIdMappedCount":0,"onIndexedCount":0,"activeThreads":0}}

Content-Length: 157

{"jsonrpc":"2.0","method":"$totvsserver/progress","params":{"indexRequestCount":0,"doIdMapCount":0,"onIdMappedCount":0,"onIndexedCount":0,"activeThreads":0}}

Content-Length: 157

{"jsonrpc":"2.0","method":"$totvsserver/progress","params":{"indexRequestCount":0,"doIdMapCount":0,"onIdMappedCount":0,"onIndexedCount":0,"activeThreads":0}}

Content-Length: 107

{"jsonrpc":"2.0","method":"window/logMessage","params":{"type":3,"message":"Language Server initialized."}}

Content-Length: 81

{"jsonrpc":"2.0","id":1,"result":{"setting":{"key":"autocomplete","value":"LS"}}}

Content-Length: 88

{"jsonrpc":"2.0","id":2,"result":{"setting":{"key":"notificationlevel","value":"none"}}}

Content-Length: 127

{"jsonrpc":"2.0","method":"window/logMessage","params":{"type":3,"message":"Starting reconnection to the server 'Produção'"}}

Content-Length: 103

{"jsonrpc":"2.0","method":"window/logMessage","params":{"type":3,"message":"Secure authenticating..."}}

Content-Length: 111

{"jsonrpc":"2.0","method":"window/logMessage","params":{"type":3,"message":"User authenticated successfully."}}

Content-Length: 128

{"jsonrpc":"2.0","method":"window/logMessage","params":{"type":3,"message":"Reconnection to the server 'Produção' finished."}}

Content-Length: 677

{"jsonrpc":"2.0","id":3,"result":{"connectionToken":"djM6bjJ3Z2tnZTg3bGtsd2NrcjYyMWxwYzI1MXRsams6MTp6ZDZqeHotcHJkLXByb3RoZXVzLnRvdHZzY2xvdWQuY29tLmJyOjIwMDE6MTo3LjAwLjE5MTIwNVA6Mw==:djE6emQ2anh6OmFkbWluOnBFMXJYYytPdkNyYmo4YXgzR25IQU5wdDRWL0piaVlaVlpMdndtdmY1U3M9|djI6MTYxNTgzMDM3NTowOjE6MQ==.V5cXNCyFMkSYaqWY6Im6LtF+MtMdayRFOuANKln2IA4qx1/NjCJqB5c1QFHAcfQkxkdzG4GJSc7eCtTnfcn0Zfge9GZL22HO/1tE1GBy37lR//YXgNcTp1NYUp3NZAk5iwGz+1+61z585kdZMvl+jVseauPcT7556v/a02CfRS1Gf4Hx7pd53M3f0bx7cCXN9BeFfzEQQjXXcHqCMGuVGt1FsnyQ1J8d/btkpdVLcnvgXTTAGnJ9ttsSU0tFxhDPLDialvBRBlrJ2Dd8IYE0sw258mKdlKltT1bb+yEDnN4TJvCFj2+H2B4/bHXpZp3lKTQ26txvqY8VoauuhddKWg==","environment":"zd6jxz","user":"admin"}}

Content-Length: 157

{"jsonrpc":"2.0","method":"$totvsserver/progress","params":{"indexRequestCount":0,"doIdMapCount":0,"onIdMappedCount":0,"onIndexedCount":0,"activeThreads":0}}

Content-Length: 157

{"jsonrpc":"2.0","method":"$totvsserver/progress","params":{"indexRequestCount":0,"doIdMapCount":0,"onIdMappedCount":0,"onIndexedCount":0,"activeThreads":0}}

