File verbosity level: 9
date       time         ( uptime  ) [ thread name/id ]                   file:line     v| 
2021-03-15 14:46:13.468 (   0.003s) [                ]             loguru.cpp:755   INFO| Logging to 'totvsls.log', mode: 'w', verbosity: 9
2021-03-15 14:46:13.470 (   0.004s) [                ]             loguru.cpp:755   INFO| Logging to 'totvslsfull.log', mode: 'a', verbosity: 9
(   0.005s) [main thread     ]             loguru.cpp:591   | arguments: c:\\Users\\cesar\\.vscode\\extensions\\totvs.tds-vscode-1.2.1/node_modules/@totvs/tds-ls/bin/windows/advpls.exe --language-server --log-file=totvsls.log --record=totvsls --log-file-append=totvslsfull.log
(   0.005s) [main thread     ]             loguru.cpp:594   | Current dir: d:\Cursos\nlw4\moveit-next
(   0.005s) [main thread     ]             loguru.cpp:596   | stderr verbosity: -3
(   0.005s) [main thread     ]             loguru.cpp:597   | -----------------------------------
(   0.008s) [main thread     ]    security_manager.cc:855   | lsRsaInit
(   0.111s) [main thread     ]    security_manager.cc:1061  | userRsaInit
(   0.118s) [main thread     ]    security_manager.cc:1080  | Loading user prv key.
(   0.128s) [main thread     ]    security_manager.cc:1111  | Loading user pub key.
(   0.136s) [main thread     ]    security_manager.cc:1210  | Loading user symm key.
(   0.833s) [querydb         ]msg_lsp_initialize_requ:489   | Start Running initialize
(   0.833s) [querydb         ]msg_lsp_initialize_requ:495   | Init parameters: {"compilationDatabaseCommand":"","compilationDatabaseDirectory":"","cacheDirectory":"","cacheFormat":"json","resourceDirectory":"","discoverSystemIncludes":true,"extraClangArguments":[],"progressReportFrequencyMs":500,"emitQueryDbBlocked":false,"emitInactiveRegions":false,"showDocumentLinksOnIncludes":true,"codeLens":{"localVariables":true},"completion":{"enableSnippets":true,"detailedLabel":false,"dropOldRequests":true,"filterAndSort":true,"includeMaxPathSize":30,"includeSuffixWhitelist":[".h",".hpp",".hh",".ch"],"includeBlacklist":[],"includeWhitelist":[]},"formatting":{"enabled":false},"diagnostics":{"blacklist":[],"whitelist":[],"frequencyMs":0,"onParse":true,"onType":true},"highlight":{"enabled":false,"blacklist":[],"whitelist":[]},"index":{"attributeMakeCallsToCtor":true,"blacklist":[],"whitelist":[],"comments":2,"enabled":true,"logSkippedPaths":false,"threads":0},"workspaceSymbol":{"maxNum":1000,"sort":true},"xref":{"maxNum":2000},"enableIndexOnDidChange":false}
(   0.839s) [querydb         ]msg_lsp_initialize_requ:510   | [querydb] Initialize in directory d:/cursos/nlw4/moveit-next with uri file:///d%3A/Cursos/nlw4/moveit-next
(   0.839s) [querydb         ]msg_lsp_initialize_requ:567   | Using -resource-dir=d:/cursos/nlw4/moveit-next/default_resource_directory
(   0.839s) [querydb         ]msg_lsp_initialize_requ:570   | Send initialization before starting indexers, so we don't send a status update too early.
(   0.839s) [querydb         ]msg_lsp_initialize_requ:590   | Set project root.
(   0.839s) [querydb         ]               timer.cc:41    | compile_commands.json advpllang time took 0.0 ms
(   0.839s) [querydb         ]               timer.cc:41    | compile_commands.json our time took 0.0 ms
(   0.839s) [querydb         ]               timer.cc:41    | [perf] Loaded compilation entries (0 files) took 0.230 ms
(   0.839s) [querydb         ]msg_lsp_initialize_requ:621   | Starting 3 indexers
(   0.849s) [stdout          ]               timer.cc:41    | [e2e] Running  took 0.1 ms
(   0.849s) [stdout          ]               timer.cc:41    | [e2e] Running initialize took 22.22371 ms
(   0.857s) [querydb         ]               timer.cc:41    | [perf] Dispatched initial index requests took 0.1 ms
(   0.857s) [querydb         ]msg_lsp_initialize_requ:650   | End Running initialize
(   0.961s) [querydb         ]msg_lsp_initialized_not:22    | Got Initialized Notification
(   0.961s) [querydb         ]msg_totvsserver_change_:45    | Start Running $totvsserver/changeSetting
(   0.961s) [querydb         ]msg_totvsserver_change_:50    | ChangeSetting : with scope advpls, key autocomplete, value LS
(   0.961s) [querydb         ]               timer.cc:41    | [perf] ConnectionManager ChangeSetting server  took 0.19 ms
(   0.961s) [querydb         ]msg_totvsserver_change_:94    | End Running $totvsserver/changeSetting
(   0.961s) [querydb         ]msg_totvsserver_change_:45    | Start Running $totvsserver/changeSetting
(   0.961s) [querydb         ]msg_totvsserver_change_:50    | ChangeSetting : with scope advpls, key notificationlevel, value none
(   0.961s) [querydb         ]               timer.cc:41    | [perf] ConnectionManager ChangeSetting server  took 0.2 ms
(   0.961s) [querydb         ]msg_totvsserver_change_:94    | End Running $totvsserver/changeSetting
(   0.961s) [querydb         ]msg_totvsserver_reconne:48    | Start Running $totvsserver/reconnect
(   0.961s) [querydb         ]msg_totvsserver_reconne:52    | Reconnecting server with connectionToken: djM6bjJ3Z2tnZTg3bGtsd2NrcjYyMWxwYzI1MXRsams6MTp6ZDZqeHotcHJkLXByb3RoZXVzLnRvdHZzY2xvdWQuY29tLmJyOjIwMDE6MTo3LjAwLjE5MTIwNVA6Mw==:djE6emQ2anh6OmFkbWluOnBFMXJYYytPdkNyYmo4YXgzR25IQU5wdDRWL0piaVlaVlpMdndtdmY1U3M9|djI6MTYxNTQ5MTkwOTowOjE6MQ==.ABQcrO7QiTXKplrwCPFnVHqv2vn4uFZQTcQULVxnzPvacn0dqQNElCpvDOJB5ludPxJ4yfdqfJjuygwWeB+5dfRgnHI8Yj8bBXjccPOmImidvjECTSNRIzAHG2cxcOJ411dLlfirSTL1meGlRB/DXcE+mu7lwBzZC/N6GunxB7w/g1aCu6TXMm8JEYxRv8Z8SJIs9VawI2qoj0N04WRGUlTQY5bCS3owodJxJH7kPa9e5Tn5Oi+ZJseyXhSP8nLlTvukmGKBIg3ONH6TcJuKCwv+6+ZfGBgplBHCf+3TJ/9lfN8fiVBtHoH/4ZstwTeLIl+IRY+Odyr9rXI+kKmwpg==
(   0.961s) [querydb         ]  connection_manager.cc:382   | Starting reconnection to the server 'Produção'
(   0.962s) [stdout          ]               timer.cc:41    | [e2e] Running  took 123.123313 ms
(   0.962s) [stdout          ]               timer.cc:41    | [e2e] Running $totvsserver/changeSetting took 1.1304 ms
(   0.962s) [stdout          ]               timer.cc:41    | [e2e] Running $totvsserver/changeSetting took 1.1335 ms
(   0.962s) [stdout          ]               timer.cc:41    | [e2e] Running  took 123.123431 ms
(   0.963s) [querydb         ]    security_manager.cc:335   | authentic TRUE
(   0.963s) [querydb         ]    security_manager.cc:518   | done pE1rXc+OvCrbj8ax3GnHANpt4V/JbiYZVZLvwmvf5Ss=
(   0.963s) [querydb         ]    security_manager.cc:528   | done password symmDecrypt (10)
(   0.963s) [querydb         ]  connection_manager.cc:3492  | ConnectionManager::newConnection: zd6jxz-prd-protheus.totvscloud.com.br:2001 (20191205055624) [1] {3}
(   0.963s) [querydb         ]  connection_manager.cc:3496  | connected status: 0
(   1.064s) [querydb         ]  connection_manager.cc:3496  | connected status: 1
(   1.165s) [querydb         ]  connection_manager.cc:3496  | connected status: 1
(   1.266s) [querydb         ]  connection_manager.cc:3499  | connected status: 2
(   1.283s) [querydb         ]  connection_manager.cc:3507  | MS_DBGGETBUILD OK
(   1.283s) [querydb         ]  connection_manager.cc:3517  | build: 7.00.191205P
(   1.283s) [querydb         ]  connection_manager.cc:3554  | creating secureContext
(   1.283s) [querydb         ]  connection_manager.cc:3556  | secureContext initialize
(   1.440s) [querydb         ]  connection_manager.cc:3559  | asymmetric generateKeys
(   1.440s) [querydb         ]  connection_manager.cc:3561  | secureContext initialized
(   1.467s) [stdout          ]               timer.cc:41    | [e2e] Running  took 628.628236 ms
(   1.866s) [scan_includes   ]               timer.cc:41    | [perf] Scanning for includes took 1009.1008160 ms
(   2.311s) [querydb         ]  connection_manager.cc:3833  | MS_DBGPSWADM_SEC OK
(   2.311s) [querydb         ]  connection_manager.cc:3853  | User authenticated successfully.
(   2.313s) [stdout          ]               timer.cc:41    | [e2e] Running  took 1474.1472899 ms
(   2.339s) [querydb         ]    security_manager.cc:539   | encodedExtraInfo: djI6MTYxNTgzMDM3NTowOjE6MQ==
(   2.345s) [querydb         ]    security_manager.cc:287   | signature V5cXNCyFMkSYaqWY6Im6LtF+MtMdayRFOuANKln2IA4qx1/NjCJqB5c1QFHAcfQkxkdzG4GJSc7eCtTnfcn0Zfge9GZL22HO/1tE1GBy37lR//YXgNcTp1NYUp3NZAk5iwGz+1+61z585kdZMvl+jVseauPcT7556v/a02CfRS1Gf4Hx7pd53M3f0bx7cCXN9BeFfzEQQjXXcHqCMGuVGt1FsnyQ1J8d/btkpdVLcnvgXTTAGnJ9ttsSU0tFxhDPLDialvBRBlrJ2Dd8IYE0sw258mKdlKltT1bb+yEDnN4TJvCFj2+H2B4/bHXpZp3lKTQ26txvqY8VoauuhddKWg==
(   2.345s) [querydb         ]  connection_manager.cc:444   | Reconnection to the server 'Produção' finished.
(   2.345s) [querydb         ]               timer.cc:41    | [perf] ConnectionManager Reconnect server for connectionToken: djM6bjJ3Z2tnZTg3bGtsd2NrcjYyMWxwYzI1MXRsams6MTp6ZDZqeHotcHJkLXByb3RoZXVzLnRvdHZzY2xvdWQuY29tLmJyOjIwMDE6MTo3LjAwLjE5MTIwNVA6Mw==:djE6emQ2anh6OmFkbWluOnBFMXJYYytPdkNyYmo4YXgzR25IQU5wdDRWL0piaVlaVlpMdndtdmY1U3M9|djI6MTYxNTgzMDM3NTowOjE6MQ==.V5cXNCyFMkSYaqWY6Im6LtF+MtMdayRFOuANKln2IA4qx1/NjCJqB5c1QFHAcfQkxkdzG4GJSc7eCtTnfcn0Zfge9GZL22HO/1tE1GBy37lR//YXgNcTp1NYUp3NZAk5iwGz+1+61z585kdZMvl+jVseauPcT7556v/a02CfRS1Gf4Hx7pd53M3f0bx7cCXN9BeFfzEQQjXXcHqCMGuVGt1FsnyQ1J8d/btkpdVLcnvgXTTAGnJ9ttsSU0tFxhDPLDialvBRBlrJ2Dd8IYE0sw258mKdlKltT1bb+yEDnN4TJvCFj2+H2B4/bHXpZp3lKTQ26txvqY8VoauuhddKWg== took 1383.1382219 ms
(   2.345s) [querydb         ]msg_totvsserver_reconne:112   | End Running $totvsserver/reconnect
(   2.345s) [stdout          ]               timer.cc:41    | [e2e] Running  took 1507.1505522 ms
(   2.345s) [stdout          ]               timer.cc:41    | [e2e] Running $totvsserver/reconnect took 1384.1383401 ms
